System: No current messages
System: Kingsley rolled 4 and 2
RVR: Kingsley just bought this transport company
System: Dora rolled 2 and 2
Kenchic: Dora just bought this fast food joint
System: Dora rolled 1 and 5
Umoja: Dora just bought this estate
System: Matt rolled 5 and 2
NCWSC: Matt just bought this utility company
System: Michelle rolled 3 and 5
Kinoo: Michelle just bought this estate
System: Jerry rolled 2 and 1
Kibera: Jerry just bought this estate
System: Sheila rolled 2 and 2
Kenchic: Sheila just paid 560 SFR to Dora
System: Sheila rolled 1 and 3
Kinoo: Sheila just paid 300 SFR to Michelle
System: Kingsley rolled 5 and 6
Safaricom: Kingsley just bought this communications company
System: Dora rolled 1 and 2
Githurai: Dora just bought this estate
System: Matt rolled 5 and 2
MATHREE: Your presenter friend throws a bash. Take a mat to Lavington.
Lavington: Matt just bought this estate
System: Michelle rolled 5 and 4
Safaricom: Michelle just paid 500 SFR to Kingsley
System: Jerry rolled 3 and 3
GANJI: Your M-Shwari deposit gets doubled. Gain 50,000 SFR
System: Jerry rolled 5 and 3
Safaricom: Jerry just paid 500 SFR to Kingsley
System: Sheila rolled 1 and 2
Ngara: Sheila just bought this estate
System: Kingsley rolled 5 and 3
Ganji Bank: Kingsley has borrowed 200000 SFR from the bank
Parklands: Kingsley just paid 1350 SFR to the bank
System: Dora rolled 6 and 3
South B: Dora just bought this estate
System: Matt rolled 5 and 5
Ganji Bank: Matt has borrowed 200000 SFR from the bank
System: Matt must pay debt before play continues
System: Matt has mortgaged Lavington for 166500 SFR
Karen: Matt just bought this estate
System: Matt rolled 5 and 1
Payday: Matt collected salary for getting to the end of the month
Kibera: Matt just paid 130 SFR to Jerry
System: Michelle rolled 6 and 1
ATM: Michelle withdrew 351350 SFR from the ATM
System: Jerry rolled 6 and 5
Westlands: Jerry just bought this estate
System: Sheila rolled 1 and 5
Safaricom: Sheila just paid 500 SFR to Kingsley
System: Kingsley rolled 4 and 5
Galitos: Kingsley just paid 1500 SFR to the bank
System: Dora rolled 3 and 5
Intellect Taxis: Dora just paid 1110 SFR to the bank
System: Matt rolled 3 and 2
Kinoo: Matt just paid 300 SFR to Michelle
System: Michelle rolled 3 and 1
Westlands: Michelle just paid 1550 SFR to Jerry
System: Jerry rolled 1 and 5
Galitos: Jerry just bought this fast food joint
System: Sheila rolled 1 and 1
Donholm: Sheila just bought this estate
System: Sheila rolled 5 and 2
Embakasi: Sheila just bought this estate
System: Kingsley rolled 3 and 3
Loresho: Kingsley just paid 3080 SFR to the bank
System: Kingsley rolled 4 and 1
Karen: Kingsley just paid 4000 SFR to Matt
System: Dora rolled 5 and 1
POLICE STN: You are under arrest Dora
JAIL: Think about your crimes Dora
System: Matt rolled 6 and 6
Pizza Inn: Matt just bought this fast food joint
System: Matt rolled 6 and 5
Hurlingham: Matt just paid 2040 SFR to the bank
System: Michelle rolled 6 and 2
POLICE STN: You are under arrest Michelle
JAIL: Think about your crimes Michelle
System: Jerry rolled 6 and 3
Zuku: Jerry just bought this communications company
System: Sheila rolled 4 and 6
POLICE STN: You are under arrest Sheila
JAIL: Think about your crimes Sheila
System: Kingsley rolled 5 and 1
Payday: Kingsley collected salary for getting to the end of the month
Kibera: Kingsley just paid 130 SFR to Jerry
JAIL: Dora just paid 20000 SFR bail to the police
System: Dora rolled 5 and 6
Jamhuri: Dora just bought this estate
System: Matt rolled 2 and 6
GANJI: Amazing year for your maize farm - Collect 300,000 SFR from NCPB
JAIL: Michelle just paid 20000 SFR bail to the police
System: Michelle rolled 6 and 3
GANJI: Outstanding HELB loan - Pay 150,000 SFR
System: Jerry rolled 1 and 2
VAT: Jerry paid 7262 SFR in taxes
JAIL: Sheila just paid 20000 SFR bail to the police
System: Sheila rolled 5 and 4
GANJI: Raise funds for Masters degree - Collect 5,000 SFR from every player
GANJI: Michelle just paid Sheila 5000 SFR
GANJI: Matt just paid Sheila 5000 SFR
GANJI: Jerry just paid Sheila 5000 SFR
GANJI: Dora just paid Sheila 5000 SFR
GANJI: Kingsley just paid Sheila 5000 SFR
System: Kingsley rolled 4 and 4
Ngara: Kingsley just paid 390 SFR to Sheila
System: Kingsley rolled 2 and 1
MATHREE: Case of mistaken identity near the police station. Go to Jail.
POLICE STN: You are under arrest Kingsley
JAIL: Think about your crimes Kingsley
System: Dora rolled 4 and 2
Langata: Dora just paid 1600 SFR to the bank
System: Matt rolled 6 and 4
Payday: Matt collected salary for getting to the end of the month
Eastleigh: Matt just bought this estate
System: Michelle rolled 5 and 6
Kileleshwa: Michelle just bought this estate
System: Jerry rolled 1 and 5
Payday: Jerry collected salary for getting to the end of the month
Kenchic: Jerry just paid 560 SFR to Dora
System: Sheila rolled 5 and 6
Kileleshwa: Sheila just paid 2160 SFR to Michelle
JAIL: Kingsley just paid 20000 SFR bail to the police
System: Kingsley rolled 6 and 2
Pizza Inn: Kingsley just paid 1260 SFR to Matt
System: Dora rolled 3 and 1
MATHREE: Date night. Rush to KFC to meet your sweetheart.
KFC: Dora just paid 2100 SFR to the bank
System: Matt rolled 1 and 2
Kenchic: Matt just paid 560 SFR to Dora
System: Michelle rolled 2 and 6
Loresho: Michelle just bought this estate
System: Jerry rolled 4 and 4
JAIL: Just visiting Jerry, this time.
System: Jerry rolled 6 and 3
GANJI: Apprehended for traffic offences. Pay 6,500 SFR fine.
System: Sheila rolled 3 and 3
System: Sheila has mortgaged Embakasi for 112000 SFR
Mountain View: Sheila just bought this estate
System: Sheila rolled 6 and 3
Runda: Sheila just paid 4080 SFR to the bank
System: Kingsley rolled 4 and 6
Intellect Taxis: Kingsley just bought this transport company
System: Dora rolled 2 and 3
Payday: Dora collected salary for getting to the end of the month
Eastleigh: Dora just paid 100 SFR to Matt
Ganji Bank: Matt has repaid 240000 SFR to the bank
System: Matt has unmortgaged Lavington for 183150 SFR
System: Matt rolled 1 and 5
Umoja: Matt just paid 360 SFR to Dora
System: Michelle rolled 6 and 6
Payday: Michelle collected salary for getting to the end of the month
Kenchic: Michelle just paid 560 SFR to Dora
System: Michelle rolled 3 and 6
Githurai: Michelle just paid 600 SFR to Dora
System: Jerry rolled 5 and 6
Kileleshwa: Jerry just paid 2160 SFR to Michelle
System: Sheila rolled 3 and 4
Payday: Sheila collected salary for getting to the end of the month
RVR: Sheila just paid 1000 SFR to Kingsley
System: Kingsley proposed to trade Intellect Taxis,Safaricom, for Mountain View,Embakasi, from Sheila
System: Kingsley proposed to trade Intellect Taxis,Safaricom, for Mountain View,Embakasi, from Sheila
System: Kingsley rolled 4 and 6
Loresho: Kingsley just paid 3080 SFR to Michelle
System: Dora rolled 2 and 3
RVR: Dora just paid 1000 SFR to Kingsley
System: Matt rolled 3 and 2
Buruburu: Matt just bought this estate
System: Michelle rolled 3 and 1
Safaricom: Michelle just paid 500 SFR to Sheila
System: Jerry rolled 4 and 6
Ganji Bank: Jerry has borrowed 200000 SFR from the bank
System: Jerry has mortgaged Galitos for 100000 SFR
System: Jerry has mortgaged Westlands for 139500 SFR
System: Jerry has mortgaged Kibera for 16250 SFR
Ganji: Jerry declared bankruptcy!
Ganji: Bank will liquidate assets and pay liabilities
Kenya Airways: Jerry just bought this transport company
System: Kingsley rolled 5 and 2
Runda: Kingsley just paid 4080 SFR to the bank
System: Dora rolled 6 and 3
Buruburu: Dora just paid 720 SFR to Matt
System: Matt rolled 4 and 6
Parklands: Matt just paid 1350 SFR to the bank
System: Michelle rolled 5 and 4
Embakasi: Free today only Michelle
System: Sheila rolled 5 and 5
Imara: Sheila just bought this estate
System: Sheila rolled 3 and 2
GANJI: Invested money in a pyramid scheme. Lose 200,000 SFR
System: Sheila has mortgaged Donholm for 73500 SFR
System: Kingsley rolled 2 and 2
Payday: Kingsley collected salary for getting to the end of the month
Kibera: Kingsley just bought this estate
Ganji Bank: Kingsley has repaid 240000 SFR to the bank
System: Kingsley rolled 2 and 4
GANJI: Obtain a tax refund after KRA returns. Save 45,000 SFR
System: Dora rolled 1 and 2
Citi Hoppa: Dora just bought this transport company
System: Matt rolled 6 and 1
Kileleshwa: Matt just paid 2160 SFR to Michelle
System: Michelle rolled 5 and 4
Lavington: Michelle just paid 2220 SFR to Matt
System: Sheila rolled 2 and 5
Westlands: Sheila just paid 1550 SFR to the bank
System: Kingsley rolled 5 and 6
Pizza Inn: Kingsley just paid 1260 SFR to Matt
System: Dora proposed to trade Kenchic, for RVR, from Kingsley
System: Dora proposed to trade Kenchic, for RVR, from Kingsley
System: Dora rolled 4 and 6
Westlands: Dora just paid 1550 SFR to the bank
System: Matt proposed to trade Eastleigh,Cash, for Githurai, from Dora
System: Matt proposed to trade Eastleigh,Cash, for Githurai, from Dora
System: Matt rolled 1 and 6
GANJI: You're great at wedding committees. Honor 6,000 SFR pledge per player.
GANJI: Sheila just received 6000 SFR from Matt
GANJI: Michelle just received 6000 SFR from Matt
GANJI: Jerry just received 6000 SFR from Matt
GANJI: Dora just received 6000 SFR from Matt
GANJI: Kingsley just received 6000 SFR from Matt
System: Michelle rolled 5 and 1
Muthaiga: Michelle just bought this estate
System: Sheila rolled 3 and 6
Kitisuru: Sheila just paid 2400 SFR to the bank
System: Kingsley proposed to trade Mountain View, for Eastleigh, from Dora
System: Kingsley proposed to trade Mountain View, for Eastleigh, from Dora
Eastleigh: Kingsley now has all the estates in this hood!
System: Kingsley rolled 6 and 1
KPLC: Kingsley just paid 800 SFR to the bank
System: Dora rolled 2 and 6
POLICE STN: You are under arrest Dora
JAIL: Think about your crimes Dora
System: Matt rolled 2 and 1
Kenya Airways: Matt just paid 4000 SFR to the bank
System: Michelle rolled 3 and 4
Payday: Here's your pay and a times 2 bonus for punctuality.
System: Sheila rolled 4 and 2
Zuku: Sheila just paid 390 SFR to the bank
System: Kingsley rolled 3 and 2
Kileleshwa: Kingsley just paid 2160 SFR to Michelle
JAIL: Dora just paid 20000 SFR bail to the police
System: Dora rolled 4 and 2
Citi Hoppa: You own this property Dora
System: Matt rolled 6 and 3
Payday: Matt collected salary for getting to the end of the month
Kibera: Matt just paid 260 SFR to Kingsley
System: Michelle rolled 5 and 5
Umoja: Michelle just paid 360 SFR to Dora
System: Michelle rolled 5 and 2
Safaricom: Michelle just paid 500 SFR to Sheila
System: Sheila rolled 3 and 3
Payday: Sheila collected salary for getting to the end of the month
Eastleigh: Sheila just paid 200 SFR to Kingsley
System: Sheila rolled 6 and 1
Kinoo: Sheila just paid 300 SFR to Michelle
System: Kingsley rolled 2 and 3
Kitisuru: Kingsley just paid 2400 SFR to the bank
System: Dora rolled 6 and 5
Langata: Dora just paid 1600 SFR to the bank
System: Matt rolled 6 and 4
Githurai: You own this property Matt
System: Michelle rolled 1 and 1
Donholm: Free today only Michelle
System: Michelle rolled 5 and 1
Parklands: Michelle just bought this estate
System: Sheila rolled 3 and 2
Githurai: Sheila just paid 600 SFR to Matt
System: Kingsley rolled 6 and 1
KFC: Kingsley just paid 2100 SFR to the bank
System: Dora rolled 3 and 4
POLICE STN: You are under arrest Dora
JAIL: Think about your crimes Dora
System: Matt rolled 1 and 2
Imara: Matt just paid 760 SFR to Sheila
System: Michelle rolled 1 and 3
Langata: Michelle just bought this estate
System: Sheila rolled 5 and 3
GANJI: It's your relationship anniversary. Spend 34,000 SFR on a memorable day.
System: Kingsley rolled 2 and 4
Payday: Kingsley collected salary for getting to the end of the month
MATHREE: Galitos are having an offer. 50% off on flame-grilled chicken.
Galitos: Kingsley just bought this fast food joint
JAIL: Dora just paid 20000 SFR bail to the police
System: Dora rolled 2 and 5
Donholm: Free today only Dora
System: Matt rolled 3 and 1
Pizza Inn: You own this property Matt
System: Michelle rolled 1 and 2
Kileleshwa: You own this property Michelle
System: Sheila has unmortgaged Donholm for 80850 SFR
System: Sheila rolled 6 and 2
Langata: Sheila just paid 1600 SFR to Michelle
System: Kingsley has unmortgaged Embakasi for 123200 SFR
System: Kingsley rolled 2 and 2
Mountain View: Kingsley just paid 2580 SFR to Dora
System: Kingsley rolled 5 and 3
VAT: Kingsley paid 10318 SFR in taxes
System: Dora rolled 3 and 4
Embakasi: Dora just paid 1400 SFR to Kingsley
System: Matt rolled 6 and 5
Hurlingham: Matt just bought this estate
System: Michelle rolled 2 and 1
Lavington: Michelle just paid 2220 SFR to Matt
System: Sheila rolled 2 and 5
POLICE STN: You are under arrest Sheila
JAIL: Think about your crimes Sheila
System: Kingsley rolled 3 and 1
Payday: Kingsley collected salary for getting to the end of the month
MATHREE: You're providing generators for a massive rally in Kibera.
Kibera: You own this property Kingsley
System: Dora rolled 2 and 1
Langata: Dora just paid 1600 SFR to Michelle
System: Matt rolled 6 and 1
Mountain View: Matt just paid 2580 SFR to Dora
System: Michelle rolled 3 and 5
Zuku: Michelle just paid 390 SFR to the bank
JAIL: Sheila just paid 20000 SFR bail to the police
System: Sheila rolled 5 and 1
Citi Hoppa: Sheila just paid 250 SFR to Dora
System: Kingsley rolled 1 and 3
NCWSC: Kingsley just paid 400 SFR to Matt
System: Dora rolled 3 and 4
POLICE STN: You are under arrest Dora
JAIL: Think about your crimes Dora
System: Matt rolled 1 and 3
Kenya Airways: Matt just paid 4000 SFR to the bank
System: Michelle proposed to trade Kileleshwa, for Embakasi, from Kingsley
System: Michelle proposed to trade Kileleshwa, for Embakasi, from Kingsley
System: Michelle rolled 3 and 3
Payday: Michelle collected salary for getting to the end of the month
Eastleigh: Michelle just paid 200 SFR to Kingsley
System: Michelle rolled 3 and 4
Kinoo: You own this property Michelle
System: Sheila proposed to trade Donholm, for Umoja, from Dora
System: Sheila proposed to trade Donholm, for Umoja, from Dora
Donholm: Dora now has all the estates in this hood!
System: Sheila rolled 5 and 5
Ganji Bank: Sheila has borrowed 200000 SFR from the bank
Westlands: Sheila just bought this estate
System: Sheila rolled 6 and 2
POLICE STN: You are under arrest Sheila
JAIL: Think about your crimes Sheila
System: Kingsley rolled 4 and 3
MATHREE: Visit your rich uncle in Karen.
Karen: Kingsley just paid 4000 SFR to Matt
System: Dora proposed to trade Mountain View, for Kinoo, from Michelle
System: Dora proposed to trade Mountain View, for Kinoo, from Michelle
System: Dora proposed to trade Kinoo, for Intellect Taxis,Safaricom, from Sheila
System: Dora proposed to trade Kinoo, for Intellect Taxis,Safaricom, from Sheila
Kinoo: Sheila now has all the estates in this hood!
JAIL: Dora just paid 20000 SFR bail to the police
System: Dora rolled 3 and 6
GANJI: Receive 7,000 SFR for a written-off debt from two years ago.
System: Matt rolled 3 and 4
Payday: Matt collected salary for getting to the end of the month
Eastleigh: Matt just paid 200 SFR to Kingsley
System: Michelle rolled 1 and 3
JAIL: Just visiting Michelle, this time.
JAIL: Sheila just paid 20000 SFR bail to the police
System: Sheila rolled 5 and 6
Jamhuri: Sheila just paid 1920 SFR to Dora
System: Kingsley rolled 3 and 5
Payday: Kingsley collected salary for getting to the end of the month
PAYE: Kingsley paid 223535 SFR in taxes
System: Dora rolled 2 and 3
Embakasi: Dora just paid 1400 SFR to Michelle
System: Matt rolled 5 and 5
Ngara: Matt just paid 780 SFR to Sheila
System: Matt rolled 2 and 4
Safaricom: Matt just paid 500 SFR to Dora
System: Michelle rolled 2 and 2
Imara: Michelle just paid 760 SFR to Sheila
System: Michelle rolled 3 and 5
ATM: Michelle withdrew 500000 SFR from the ATM
System: Sheila rolled 6 and 3
Kileleshwa: Sheila just paid 2160 SFR to Kingsley
System: Kingsley rolled 3 and 2
Umoja: Kingsley just paid 720 SFR to Sheila
System: Dora rolled 1 and 3
Intellect Taxis: You own this property Dora
System: Matt rolled 2 and 2
GANJI: Smartly dressed gentlemen swindle you with a fake money racket. Lose 140,000 SFR.
System: Matt rolled 6 and 4
Hurlingham: You own this property Matt
System: Michelle rolled 1 and 6
Hurlingham: Michelle just paid 2040 SFR to Matt
System: Sheila rolled 6 and 6
KFC: Sheila just paid 2100 SFR to the bank
System: Sheila rolled 3 and 5
Payday: Sheila collected salary for getting to the end of the month
Kenchic: Sheila just paid 560 SFR to Kingsley
System: Kingsley rolled 2 and 4
Imara: Kingsley just paid 760 SFR to Sheila
System: Dora rolled 1 and 2
MATHREE: Salary advance approved. Rush to Payday.
Payday: Here's your pay and a times 2 bonus for punctuality.
System: Matt proposed to trade Karen, for Imara, from Sheila
System: Matt proposed to trade Karen, for Imara, from Sheila
Imara: Matt now has all the estates in this hood!
System: Matt rolled 2 and 6